Package.swift:1:1: error: File Header Violation: Header comments should be consistent with project patterns (file_header)
Sources/AppLog/AppLog.swift:1:1: error: File Header Violation: Header comments should be consistent with project patterns (file_header)
Sources/AppLog/AppLog.swift:211:16: error: Identifier Name Violation: Variable name 'm' should be between 2 and 40 characters long (identifier_name)
Sources/AppLog/AppLog.swift:23:34: error: Unused Parameter Violation: Parameter 'mask' is unused; consider removing or replacing it with '_' (unused_parameter)
Sources/AppLog/AppLog.swift:23:5: error: Variable Declaration Whitespace Violation: Variable declarations should be separated from other statements by a blank line (let_var_whitespace)
Sources/AppLog/AppLog.swift:29:5: error: Strict Fileprivate Violation: `fileprivate` should be avoided (strict_fileprivate)
Sources/AppLog/AppLog.swift:30:5: error: Strict Fileprivate Violation: `fileprivate` should be avoided (strict_fileprivate)
Sources/AppLog/AppLog.swift:30:5: error: Variable Declaration Whitespace Violation: Variable declarations should be separated from other statements by a blank line (let_var_whitespace)
Sources/AppLog/AppLog.swift:31:5: error: Variable Declaration Whitespace Violation: Variable declarations should be separated from other statements by a blank line (let_var_whitespace)
Sources/AppLog/AppLog.swift:41:37: error: No Magic Numbers Violation: Magic numbers should be replaced by named constants (no_magic_numbers)
Sources/AppLog/AppLog.swift:66:75: error: No Magic Numbers Violation: Magic numbers should be replaced by named constants (no_magic_numbers)
Sources/AppLog/BuildInfo.swift:10:39: error: Modifier Order Violation: nonisolated modifier should come before public (modifier_order)
Sources/AppLog/BuildInfo.swift:11:39: error: Modifier Order Violation: nonisolated modifier should come before public (modifier_order)
Sources/AppLog/BuildInfo.swift:12:39: error: Modifier Order Violation: nonisolated modifier should come before public (modifier_order)
Sources/AppLog/BuildInfo.swift:19:30: error: No Magic Numbers Violation: Magic numbers should be replaced by named constants (no_magic_numbers)
Sources/AppLog/BuildInfo.swift:1:1: error: File Header Violation: Header comments should be consistent with project patterns (file_header)
Sources/CLI/CLIOut.swift:1:1: error: File Header Violation: Header comments should be consistent with project patterns (file_header)
Sources/CLI/Commands.swift:111:20: error: Function Default Parameter at End Violation: Prefer to locate parameters with defaults toward the end of the parameter list (function_default_parameter_at_end)
Sources/CLI/Commands.swift:115:33: error: Identifier Name Violation: Variable name 'f' should be between 2 and 40 characters long (identifier_name)
Sources/CLI/Commands.swift:137:51: error: No Magic Numbers Violation: Magic numbers should be replaced by named constants (no_magic_numbers)
Sources/CLI/Commands.swift:169:80: error: No Magic Numbers Violation: Magic numbers should be replaced by named constants (no_magic_numbers)
Sources/CLI/Commands.swift:1:1: error: File Header Violation: Header comments should be consistent with project patterns (file_header)
Sources/CLI/Commands.swift:30:9: error: Identifier Name Violation: Variable name 'i' should be between 2 and 40 characters long (identifier_name)
Sources/CLI/Commands.swift:63:54: error: Trailing Closure Violation: Trailing closure syntax should be used whenever possible (trailing_closure)
Sources/CLI/Commands.swift:68:55: error: Trailing Closure Violation: Trailing closure syntax should be used whenever possible (trailing_closure)
Sources/CLI/SMCFanApp.swift:1:1: error: File Header Violation: Header comments should be consistent with project patterns (file_header)
Sources/CLI/SMCFanApp.swift:1:1: error: File Name Violation: File name should match a type or extension declared in the file (if any) (file_name)
Sources/CLI/SMCFanApp.swift:25:7: error: Identifier Name Violation: Variable name 'i' should be between 2 and 40 characters long (identifier_name)
Sources/CLI/SMCFanApp.swift:35:14: error: No Magic Numbers Violation: Magic numbers should be replaced by named constants (no_magic_numbers)
Sources/CLI/SMCFanApp.swift:50:1: error: Convenience Type Violation: Types used for hosting only static members should be implemented as a caseless enum to avoid instantiation (convenience_type)
Sources/CLI/SMCFanApp.swift:66:39: error: No Magic Numbers Violation: Magic numbers should be replaced by named constants (no_magic_numbers)
Sources/Common/Config.generated.swift:1:1: error: File Header Violation: Header comments should be consistent with project patterns (file_header)
Sources/Common/Config.swift:1:1: error: File Header Violation: Header comments should be consistent with project patterns (file_header)
Sources/Common/Config.swift:1:1: error: File Name Violation: File name should match a type or extension declared in the file (if any) (file_name)
Sources/Common/SMCProtocol.swift:1:1: error: File Header Violation: Header comments should be consistent with project patterns (file_header)
Sources/Common/SMCProtocol.swift:1:1: error: File Name Violation: File name should match a type or extension declared in the file (if any) (file_name)
Sources/Helper/SMCFanHelper.swift:100:43: error: Unneeded Escaping Violation: @escaping attribute not required as 'reply' does not escape (unneeded_escaping)
Sources/Helper/SMCFanHelper.swift:103:19: error: Shorthand Optional Binding Violation: Use shorthand syntax for optional binding (shorthand_optional_binding)
Sources/Helper/SMCFanHelper.swift:117:58: error: Unneeded Escaping Violation: @escaping attribute not required as 'reply' does not escape (unneeded_escaping)
Sources/Helper/SMCFanHelper.swift:120:19: error: Shorthand Optional Binding Violation: Use shorthand syntax for optional binding (shorthand_optional_binding)
Sources/Helper/SMCFanHelper.swift:135:32: error: Unneeded Escaping Violation: @escaping attribute not required as 'reply' does not escape (unneeded_escaping)
Sources/Helper/SMCFanHelper.swift:138:19: error: Shorthand Optional Binding Violation: Use shorthand syntax for optional binding (shorthand_optional_binding)
Sources/Helper/SMCFanHelper.swift:154:16: error: Unneeded Escaping Violation: @escaping attribute not required as 'reply' does not escape (unneeded_escaping)
Sources/Helper/SMCFanHelper.swift:166:23: error: Shorthand Optional Binding Violation: Use shorthand syntax for optional binding (shorthand_optional_binding)
Sources/Helper/SMCFanHelper.swift:17:1: error: Type Body Length Violation: Class body should span 300 lines or less excluding comments and whitespace: currently spans 380 lines (type_body_length)
Sources/Helper/SMCFanHelper.swift:185:15: error: Shorthand Optional Binding Violation: Use shorthand syntax for optional binding (shorthand_optional_binding)
Sources/Helper/SMCFanHelper.swift:195:5: error: Function Body Length Violation: Function body should span 60 lines or less excluding comments and whitespace: currently spans 66 lines (function_body_length)
Sources/Helper/SMCFanHelper.swift:199:16: error: Unneeded Escaping Violation: @escaping attribute not required as 'reply' does not escape (unneeded_escaping)
Sources/Helper/SMCFanHelper.swift:1:1: error: File Header Violation: Header comments should be consistent with project patterns (file_header)
Sources/Helper/SMCFanHelper.swift:208:24: error: Pattern Matching Keywords Violation: Combine multiple pattern bindings by moving binding keywords out of associated values (pattern_matching_keywords)
Sources/Helper/SMCFanHelper.swift:208:39: error: Pattern Matching Keywords Violation: Combine multiple pattern bindings by moving binding keywords out of associated values (pattern_matching_keywords)
Sources/Helper/SMCFanHelper.swift:228:15: error: Shorthand Optional Binding Violation: Use shorthand syntax for optional binding (shorthand_optional_binding)
Sources/Helper/SMCFanHelper.swift:255:58: error: No Magic Numbers Violation: Magic numbers should be replaced by named constants (no_magic_numbers)
Sources/Helper/SMCFanHelper.swift:307:69: error: No Magic Numbers Violation: Magic numbers should be replaced by named constants (no_magic_numbers)
Sources/Helper/SMCFanHelper.swift:321:5: error: Cyclomatic Complexity Violation: Function should have complexity 10 or less; currently complexity is 14 (cyclomatic_complexity)
Sources/Helper/SMCFanHelper.swift:321:5: error: Function Body Length Violation: Function body should span 60 lines or less excluding comments and whitespace: currently spans 78 lines (function_body_length)
Sources/Helper/SMCFanHelper.swift:324:16: error: Unneeded Escaping Violation: @escaping attribute not required as 'reply' does not escape (unneeded_escaping)
Sources/Helper/SMCFanHelper.swift:333:24: error: Pattern Matching Keywords Violation: Combine multiple pattern bindings by moving binding keywords out of associated values (pattern_matching_keywords)
Sources/Helper/SMCFanHelper.swift:333:39: error: Pattern Matching Keywords Violation: Combine multiple pattern bindings by moving binding keywords out of associated values (pattern_matching_keywords)
Sources/Helper/SMCFanHelper.swift:357:15: error: Shorthand Optional Binding Violation: Use shorthand syntax for optional binding (shorthand_optional_binding)
Sources/Helper/SMCFanHelper.swift:373:13: error: Identifier Name Violation: Variable name 'i' should be between 2 and 40 characters long (identifier_name)
Sources/Helper/SMCFanHelper.swift:378:40: error: Prefer Condition List Violation: Prefer a condition list over chaining conditions with '&&' (prefer_condition_list)
Sources/Helper/SMCFanHelper.swift:392:59: error: No Magic Numbers Violation: Magic numbers should be replaced by named constants (no_magic_numbers)
Sources/Helper/SMCFanHelper.swift:420:49: error: Unneeded Escaping Violation: @escaping attribute not required as 'reply' does not escape (unneeded_escaping)
Sources/Helper/SMCFanHelper.swift:433:16: error: Unneeded Escaping Violation: @escaping attribute not required as 'reply' does not escape (unneeded_escaping)
Sources/Helper/SMCFanHelper.swift:437:22: error: Prefer Key Path Violation: Use a key path argument instead of a closure with property access (prefer_key_path)
Sources/Helper/SMCFanHelper.swift:438:22: error: Prefer Key Path Violation: Use a key path argument instead of a closure with property access (prefer_key_path)
Sources/Helper/SMCFanHelper.swift:439:22: error: Prefer Key Path Violation: Use a key path argument instead of a closure with property access (prefer_key_path)
Sources/Helper/SMCFanHelper.swift:440:22: error: Prefer Key Path Violation: Use a key path argument instead of a closure with property access (prefer_key_path)
Sources/Helper/SMCFanHelper.swift:84:25: error: Unneeded Escaping Violation: @escaping attribute not required as 'reply' does not escape (unneeded_escaping)
Sources/Helper/SMCFanHelper.swift:94:26: error: Unneeded Escaping Violation: @escaping attribute not required as 'reply' does not escape (unneeded_escaping)
Sources/Helper/SMCFanHelperApp.swift:13:1: error: Convenience Type Violation: Types used for hosting only static members should be implemented as a caseless enum to avoid instantiation (convenience_type)
Sources/Helper/SMCFanHelperApp.swift:1:1: error: File Header Violation: Header comments should be consistent with project patterns (file_header)
Sources/Helper/SMCFanHelperApp.swift:1:1: error: File Name Violation: File name should match a type or extension declared in the file (if any) (file_name)
Sources/SMCFanKit/FanArbitrator.swift:135:5: error: Opening Brace Spacing Violation: Opening braces should be preceded by a single space and on the same line as the declaration (opening_brace)
Sources/SMCFanKit/FanArbitrator.swift:154:41: error: Unneeded Parentheses in Closure Argument Violation: Parentheses are not needed when declaring closure arguments (unneeded_parentheses_in_closure_argument)
Sources/SMCFanKit/FanArbitrator.swift:1:1: error: File Header Violation: Header comments should be consistent with project patterns (file_header)
Sources/SMCFanKit/FanControl.swift:114:43: error: No Magic Numbers Violation: Magic numbers should be replaced by named constants (no_magic_numbers)
Sources/SMCFanKit/FanControl.swift:134:51: error: No Magic Numbers Violation: Magic numbers should be replaced by named constants (no_magic_numbers)
Sources/SMCFanKit/FanControl.swift:1:1: error: File Header Violation: Header comments should be consistent with project patterns (file_header)
Sources/SMCFanKit/FanControl.swift:1:1: error: File Name Violation: File name should match a type or extension declared in the file (if any) (file_name)
Sources/SMCFanKit/FanControl.swift:76:39: error: No Magic Numbers Violation: Magic numbers should be replaced by named constants (no_magic_numbers)
Sources/SMCFanKit/FanControl.swift:96:47: error: No Magic Numbers Violation: Magic numbers should be replaced by named constants (no_magic_numbers)
Sources/SMCFanKit/FanKeys.swift:1:1: error: File Header Violation: Header comments should be consistent with project patterns (file_header)
Sources/SMCFanKit/FanKeys.swift:1:1: error: File Name Violation: File name should match a type or extension declared in the file (if any) (file_name)
Sources/SMCFanKit/HardwareConfig.swift:1:1: error: File Header Violation: Header comments should be consistent with project patterns (file_header)
Sources/SMCFanKit/HardwareConfig.swift:1:1: error: File Name Violation: File name should match a type or extension declared in the file (if any) (file_name)
Sources/SMCFanKit/HardwareConfig.swift:34:1: error: Extension Access Modifier Violation: Prefer to use extension access modifiers (extension_access_modifier)
Sources/SMCFanKit/HardwareConfig.swift:36:70: error: Unneeded (Re)Throws Keyword Violation: Superfluous 'throws'; body of this function does not throw any error (unneeded_throws_rethrows)
Sources/SMCFanKit/HardwareConfig.swift:44:15: error: Superfluous Else Violation: Else branches should be avoided when the previous if-block exits the current scope (superfluous_else)
Sources/SMCFanKit/SensorKeys.swift:16:3: error: Sorted Enum Cases Violation: Enum cases should be sorted (sorted_enum_cases)
Sources/SMCFanKit/SensorKeys.swift:17:3: error: Sorted Enum Cases Violation: Enum cases should be sorted (sorted_enum_cases)
Sources/SMCFanKit/SensorKeys.swift:1:1: error: File Header Violation: Header comments should be consistent with project patterns (file_header)
Sources/SMCFanKit/SensorKeys.swift:1:1: error: File Name Violation: File name should match a type or extension declared in the file (if any) (file_name)
Sources/SMCFanKit/SensorKeys.swift:21:3: error: Sorted Enum Cases Violation: Enum cases should be sorted (sorted_enum_cases)
Sources/SMCFanKit/SensorKeys.swift:22:3: error: Sorted Enum Cases Violation: Enum cases should be sorted (sorted_enum_cases)
Sources/SMCFanKit/SensorKeys.swift:23:3: error: Sorted Enum Cases Violation: Enum cases should be sorted (sorted_enum_cases)
Sources/SMCFanKit/SensorKeys.swift:24:3: error: Sorted Enum Cases Violation: Enum cases should be sorted (sorted_enum_cases)
Sources/SMCFanKit/SensorKeys.swift:255:12: error: Optional Data -> String Conversion Violation: Prefer failable `String(bytes:encoding:)` initializer when converting `Data` to `String` (optional_data_string_conversion)
Sources/SMCFanKit/SensorKeys.swift:255:49: error: Trailing Closure Violation: Trailing closure syntax should be used whenever possible (trailing_closure)
Sources/SMCFanXPCClient/SMCFanXPCClient.swift:112:14: error: Type Body Length Violation: Class body should span 500 lines or less excluding comments and whitespace: currently spans 585 lines (type_body_length)
Sources/SMCFanXPCClient/SMCFanXPCClient.swift:125:5: error: Variable Declaration Whitespace Violation: Variable declarations should be separated from other statements by a blank line (let_var_whitespace)
Sources/SMCFanXPCClient/SMCFanXPCClient.swift:146:5: error: Unneeded (Re)Throws Keyword Violation: Superfluous 'throws'; initializer does not throw any error (unneeded_throws_rethrows)
Sources/SMCFanXPCClient/SMCFanXPCClient.swift:179:35: error: Unneeded (Re)Throws Keyword Violation: Superfluous 'throws'; body of this function does not throw any error (unneeded_throws_rethrows)
Sources/SMCFanXPCClient/SMCFanXPCClient.swift:193:13: error: Shorthand Optional Binding Violation: Use shorthand syntax for optional binding (shorthand_optional_binding)
Sources/SMCFanXPCClient/SMCFanXPCClient.swift:194:7: error: Redundant Self Violation: Explicit use of 'self' is not required (redundant_self)
Sources/SMCFanXPCClient/SMCFanXPCClient.swift:195:7: error: Redundant Self Violation: Explicit use of 'self' is not required (redundant_self)
Sources/SMCFanXPCClient/SMCFanXPCClient.swift:196:7: error: Redundant Self Violation: Explicit use of 'self' is not required (redundant_self)
Sources/SMCFanXPCClient/SMCFanXPCClient.swift:197:7: error: Redundant Self Violation: Explicit use of 'self' is not required (redundant_self)
Sources/SMCFanXPCClient/SMCFanXPCClient.swift:1:1: error: File Header Violation: Header comments should be consistent with project patterns (file_header)
Sources/SMCFanXPCClient/SMCFanXPCClient.swift:202:13: error: Shorthand Optional Binding Violation: Use shorthand syntax for optional binding (shorthand_optional_binding)
Sources/SMCFanXPCClient/SMCFanXPCClient.swift:203:7: error: Redundant Self Violation: Explicit use of 'self' is not required (redundant_self)
Sources/SMCFanXPCClient/SMCFanXPCClient.swift:204:7: error: Redundant Self Violation: Explicit use of 'self' is not required (redundant_self)
Sources/SMCFanXPCClient/SMCFanXPCClient.swift:205:7: error: Redundant Self Violation: Explicit use of 'self' is not required (redundant_self)
Sources/SMCFanXPCClient/SMCFanXPCClient.swift:206:7: error: Redundant Self Violation: Explicit use of 'self' is not required (redundant_self)
Sources/SMCFanXPCClient/SMCFanXPCClient.swift:207:7: error: Redundant Self Violation: Explicit use of 'self' is not required (redundant_self)
Sources/SMCFanXPCClient/SMCFanXPCClient.swift:233:9: error: Identifier Name Violation: Variable name 'v' should be between 2 and 40 characters long (identifier_name)
Sources/SMCFanXPCClient/SMCFanXPCClient.swift:246:9: error: Identifier Name Violation: Variable name 'v' should be between 2 and 40 characters long (identifier_name)
Sources/SMCFanXPCClient/SMCFanXPCClient.swift:320:8: error: Closure Parameter Position Violation: Closure parameters should be on the same line as opening brace (closure_parameter_position)
Sources/SMCFanXPCClient/SMCFanXPCClient.swift:330:17: error: Identifier Name Violation: Variable name 'p' should be between 2 and 40 characters long (identifier_name)
Sources/SMCFanXPCClient/SMCFanXPCClient.swift:389:8: error: Closure Parameter Position Violation: Closure parameters should be on the same line as opening brace (closure_parameter_position)
Sources/SMCFanXPCClient/SMCFanXPCClient.swift:399:17: error: Identifier Name Violation: Variable name 'p' should be between 2 and 40 characters long (identifier_name)
Sources/SMCFanXPCClient/SMCFanXPCClient.swift:412:8: error: Closure Parameter Position Violation: Closure parameters should be on the same line as opening brace (closure_parameter_position)
Sources/SMCFanXPCClient/SMCFanXPCClient.swift:419:17: error: Identifier Name Violation: Variable name 'p' should be between 2 and 40 characters long (identifier_name)
Sources/SMCFanXPCClient/SMCFanXPCClient.swift:425:46: error: Statement Position Violation: Else and catch should be on the same line, one space after the previous declaration (statement_position)
Sources/SMCFanXPCClient/SMCFanXPCClient.swift:437:8: error: Closure Parameter Position Violation: Closure parameters should be on the same line as opening brace (closure_parameter_position)
Sources/SMCFanXPCClient/SMCFanXPCClient.swift:444:17: error: Identifier Name Violation: Variable name 'p' should be between 2 and 40 characters long (identifier_name)
Sources/SMCFanXPCClient/SMCFanXPCClient.swift:451:61: error: Identifier Name Violation: Variable name 'i' should be between 2 and 40 characters long (identifier_name)
Sources/SMCFanXPCClient/SMCFanXPCClient.swift:475:8: error: Closure Parameter Position Violation: Closure parameters should be on the same line as opening brace (closure_parameter_position)
Sources/SMCFanXPCClient/SMCFanXPCClient.swift:485:17: error: Identifier Name Violation: Variable name 'p' should be between 2 and 40 characters long (identifier_name)
Sources/SMCFanXPCClient/SMCFanXPCClient.swift:493:62: error: Statement Position Violation: Else and catch should be on the same line, one space after the previous declaration (statement_position)
Sources/SMCFanXPCClient/SMCFanXPCClient.swift:516:8: error: Closure Parameter Position Violation: Closure parameters should be on the same line as opening brace (closure_parameter_position)
Sources/SMCFanXPCClient/SMCFanXPCClient.swift:526:17: error: Identifier Name Violation: Variable name 'p' should be between 2 and 40 characters long (identifier_name)
Sources/SMCFanXPCClient/SMCFanXPCClient.swift:534:46: error: Statement Position Violation: Else and catch should be on the same line, one space after the previous declaration (statement_position)
Sources/SMCFanXPCClient/SMCFanXPCClient.swift:553:8: error: Closure Parameter Position Violation: Closure parameters should be on the same line as opening brace (closure_parameter_position)
Sources/SMCFanXPCClient/SMCFanXPCClient.swift:563:17: error: Identifier Name Violation: Variable name 'p' should be between 2 and 40 characters long (identifier_name)
Sources/SMCFanXPCClient/SMCFanXPCClient.swift:617:15: error: Identifier Name Violation: Variable name 'p' should be between 2 and 40 characters long (identifier_name)
Sources/SMCFanXPCClient/SMCFanXPCClient.swift:698:15: error: Identifier Name Violation: Variable name 'p' should be between 2 and 40 characters long (identifier_name)
Sources/SMCFanXPCClient/SMCFanXPCClient.swift:735:15: error: Identifier Name Violation: Variable name 'p' should be between 2 and 40 characters long (identifier_name)
Sources/SMCFanXPCClient/SMCFanXPCClient.swift:74:10: error: No Empty Block Violation: Code blocks should contain at least one statement or comment (no_empty_block)
Sources/SMCFanXPCClient/SMCFanXPCClient.swift:758:1: error: File Length Violation: File should contain 450 lines or less excluding comments and whitespaces: currently contains 643 (file_length)
Sources/SMCFanXPCClient/SMCFanXPCClient.swift:90:9: error: Identifier Name Violation: Variable name 'v' should be between 2 and 40 characters long (identifier_name)
Sources/SMCKit/SMCConnection.swift:119:80: error: No Magic Numbers Violation: Magic numbers should be replaced by named constants (no_magic_numbers)
Sources/SMCKit/SMCConnection.swift:127:13: error: Identifier Name Violation: Variable name 'i' should be between 2 and 40 characters long (identifier_name)
Sources/SMCKit/SMCConnection.swift:136:58: error: No Magic Numbers Violation: Magic numbers should be replaced by named constants (no_magic_numbers)
Sources/SMCKit/SMCConnection.swift:136:63: error: Force Unwrapping Violation: Force unwrapping should be avoided (force_unwrapping)
Sources/SMCKit/SMCConnection.swift:137:58: error: No Magic Numbers Violation: Magic numbers should be replaced by named constants (no_magic_numbers)
Sources/SMCKit/SMCConnection.swift:137:63: error: Force Unwrapping Violation: Force unwrapping should be avoided (force_unwrapping)
Sources/SMCKit/SMCConnection.swift:138:57: error: No Magic Numbers Violation: Magic numbers should be replaced by named constants (no_magic_numbers)
Sources/SMCKit/SMCConnection.swift:138:62: error: Force Unwrapping Violation: Force unwrapping should be avoided (force_unwrapping)
Sources/SMCKit/SMCConnection.swift:139:50: error: No Magic Numbers Violation: Magic numbers should be replaced by named constants (no_magic_numbers)
Sources/SMCKit/SMCConnection.swift:139:55: error: Force Unwrapping Violation: Force unwrapping should be avoided (force_unwrapping)
Sources/SMCKit/SMCConnection.swift:154:16: error: Optional Data -> String Conversion Violation: Prefer failable `String(bytes:encoding:)` initializer when converting `Data` to `String` (optional_data_string_conversion)
Sources/SMCKit/SMCConnection.swift:154:53: error: Trailing Closure Violation: Trailing closure syntax should be used whenever possible (trailing_closure)
Sources/SMCKit/SMCConnection.swift:169:27: error: Anonymous Argument in Multiline Closure Violation: Use named arguments in multiline closures (anonymous_argument_in_multiline_closure)
Sources/SMCKit/SMCConnection.swift:187:69: error: Force Unwrapping Violation: Force unwrapping should be avoided (force_unwrapping)
Sources/SMCKit/SMCConnection.swift:193:69: error: Force Unwrapping Violation: Force unwrapping should be avoided (force_unwrapping)
Sources/SMCKit/SMCConnection.swift:1:1: error: File Header Violation: Header comments should be consistent with project patterns (file_header)
Sources/SMCKit/SMCConnection.swift:206:71: error: No Magic Numbers Violation: Magic numbers should be replaced by named constants (no_magic_numbers)
Sources/SMCKit/SMCConnection.swift:215:31: error: No Magic Numbers Violation: Magic numbers should be replaced by named constants (no_magic_numbers)
Sources/SMCKit/SMCConnection.swift:223:64: error: No Magic Numbers Violation: Magic numbers should be replaced by named constants (no_magic_numbers)
Sources/SMCKit/SMCConnection.swift:224:27: error: No Magic Numbers Violation: Magic numbers should be replaced by named constants (no_magic_numbers)
Sources/SMCKit/SMCConnection.swift:224:61: error: No Magic Numbers Violation: Magic numbers should be replaced by named constants (no_magic_numbers)
Sources/SMCKit/SMCConnection.swift:227:42: error: No Magic Numbers Violation: Magic numbers should be replaced by named constants (no_magic_numbers)
Sources/SMCKit/SMCConnection.swift:227:53: error: No Magic Numbers Violation: Magic numbers should be replaced by named constants (no_magic_numbers)
Sources/SMCKit/SMCConnection.swift:228:20: error: No Magic Numbers Violation: Magic numbers should be replaced by named constants (no_magic_numbers)
Sources/SMCKit/SMCConnection.swift:228:31: error: No Magic Numbers Violation: Magic numbers should be replaced by named constants (no_magic_numbers)
Sources/SMCKit/SMCConnection.swift:228:42: error: No Magic Numbers Violation: Magic numbers should be replaced by named constants (no_magic_numbers)
Sources/SMCKit/SMCConnection.swift:228:53: error: No Magic Numbers Violation: Magic numbers should be replaced by named constants (no_magic_numbers)
Sources/SMCKit/SMCConnection.swift:229:20: error: No Magic Numbers Violation: Magic numbers should be replaced by named constants (no_magic_numbers)
Sources/SMCKit/SMCConnection.swift:229:31: error: No Magic Numbers Violation: Magic numbers should be replaced by named constants (no_magic_numbers)
Sources/SMCKit/SMCConnection.swift:229:42: error: No Magic Numbers Violation: Magic numbers should be replaced by named constants (no_magic_numbers)
Sources/SMCKit/SMCConnection.swift:229:54: error: No Magic Numbers Violation: Magic numbers should be replaced by named constants (no_magic_numbers)
Sources/SMCKit/SMCConnection.swift:230:20: error: No Magic Numbers Violation: Magic numbers should be replaced by named constants (no_magic_numbers)
Sources/SMCKit/SMCConnection.swift:230:32: error: No Magic Numbers Violation: Magic numbers should be replaced by named constants (no_magic_numbers)
Sources/SMCKit/SMCConnection.swift:230:44: error: No Magic Numbers Violation: Magic numbers should be replaced by named constants (no_magic_numbers)
Sources/SMCKit/SMCConnection.swift:230:56: error: No Magic Numbers Violation: Magic numbers should be replaced by named constants (no_magic_numbers)
Sources/SMCKit/SMCConnection.swift:231:20: error: No Magic Numbers Violation: Magic numbers should be replaced by named constants (no_magic_numbers)
Sources/SMCKit/SMCConnection.swift:231:32: error: No Magic Numbers Violation: Magic numbers should be replaced by named constants (no_magic_numbers)
Sources/SMCKit/SMCConnection.swift:231:44: error: No Magic Numbers Violation: Magic numbers should be replaced by named constants (no_magic_numbers)
Sources/SMCKit/SMCConnection.swift:231:56: error: No Magic Numbers Violation: Magic numbers should be replaced by named constants (no_magic_numbers)
Sources/SMCKit/SMCConnection.swift:232:20: error: No Magic Numbers Violation: Magic numbers should be replaced by named constants (no_magic_numbers)
Sources/SMCKit/SMCConnection.swift:232:32: error: No Magic Numbers Violation: Magic numbers should be replaced by named constants (no_magic_numbers)
Sources/SMCKit/SMCConnection.swift:232:44: error: No Magic Numbers Violation: Magic numbers should be replaced by named constants (no_magic_numbers)
Sources/SMCKit/SMCConnection.swift:232:56: error: No Magic Numbers Violation: Magic numbers should be replaced by named constants (no_magic_numbers)
Sources/SMCKit/SMCConnection.swift:233:20: error: No Magic Numbers Violation: Magic numbers should be replaced by named constants (no_magic_numbers)
Sources/SMCKit/SMCConnection.swift:233:32: error: No Magic Numbers Violation: Magic numbers should be replaced by named constants (no_magic_numbers)
Sources/SMCKit/SMCConnection.swift:233:44: error: No Magic Numbers Violation: Magic numbers should be replaced by named constants (no_magic_numbers)
Sources/SMCKit/SMCConnection.swift:233:56: error: No Magic Numbers Violation: Magic numbers should be replaced by named constants (no_magic_numbers)
Sources/SMCKit/SMCConnection.swift:234:20: error: No Magic Numbers Violation: Magic numbers should be replaced by named constants (no_magic_numbers)
Sources/SMCKit/SMCConnection.swift:234:32: error: No Magic Numbers Violation: Magic numbers should be replaced by named constants (no_magic_numbers)
Sources/SMCKit/SMCConnection.swift:234:44: error: No Magic Numbers Violation: Magic numbers should be replaced by named constants (no_magic_numbers)
Sources/SMCKit/SMCConnection.swift:234:56: error: No Magic Numbers Violation: Magic numbers should be replaced by named constants (no_magic_numbers)
Sources/SMCKit/SMCConnection.swift:82:19: error: Anonymous Argument in Multiline Closure Violation: Use named arguments in multiline closures (anonymous_argument_in_multiline_closure)
Sources/SMCKit/SMCConnection.swift:85:36: error: No Magic Numbers Violation: Magic numbers should be replaced by named constants (no_magic_numbers)
Sources/SMCKit/SMCConnection.swift:93:36: error: No Magic Numbers Violation: Magic numbers should be replaced by named constants (no_magic_numbers)
Sources/SMCKit/SMCDataFormat.swift:1:1: error: File Header Violation: Header comments should be consistent with project patterns (file_header)
Sources/SMCKit/SMCDataFormat.swift:30:16: error: No Magic Numbers Violation: Magic numbers should be replaced by named constants (no_magic_numbers)
Sources/SMCKit/SMCDataFormat.swift:30:34: error: No Magic Numbers Violation: Magic numbers should be replaced by named constants (no_magic_numbers)
Sources/SMCKit/SMCDataFormat.swift:32:30: error: No Magic Numbers Violation: Magic numbers should be replaced by named constants (no_magic_numbers)
Sources/SMCKit/SMCDataFormat.swift:32:7: error: Superfluous Else Violation: Else branches should be avoided when the previous if-block exits the current scope (superfluous_else)
Sources/SMCKit/SMCDataFormat.swift:34:27: error: No Magic Numbers Violation: Magic numbers should be replaced by named constants (no_magic_numbers)
Sources/SMCKit/SMCDataFormat.swift:35:7: error: Superfluous Else Violation: Else branches should be avoided when the previous if-block exits the current scope (superfluous_else)
Sources/SMCKit/SMCDataFormat.swift:42:16: error: No Magic Numbers Violation: Magic numbers should be replaced by named constants (no_magic_numbers)
Sources/SMCKit/SMCDataFormat.swift:44:13: error: Identifier Name Violation: Variable name 'i' should be between 2 and 40 characters long (identifier_name)
Sources/SMCKit/SMCDataFormat.swift:44:22: error: No Magic Numbers Violation: Magic numbers should be replaced by named constants (no_magic_numbers)
Sources/SMCKit/SMCDataFormat.swift:47:32: error: No Magic Numbers Violation: Magic numbers should be replaced by named constants (no_magic_numbers)
Sources/SMCKit/SMCDataFormat.swift:49:31: error: No Magic Numbers Violation: Magic numbers should be replaced by named constants (no_magic_numbers)
Sources/SMCKit/SMCDataFormat.swift:62:26: error: No Magic Numbers Violation: Magic numbers should be replaced by named constants (no_magic_numbers)
Sources/SMCKit/SMCDataFormat.swift:64:25: error: Anonymous Argument in Multiline Closure Violation: Use named arguments in multiline closures (anonymous_argument_in_multiline_closure)
Sources/SMCKit/SMCDataFormat.swift:69:26: error: No Magic Numbers Violation: Magic numbers should be replaced by named constants (no_magic_numbers)
Sources/SMCKit/SMCDataFormat.swift:71:25: error: Anonymous Argument in Multiline Closure Violation: Use named arguments in multiline closures (anonymous_argument_in_multiline_closure)
Sources/SMCKit/SMCTypes.swift:104:19: error: No Empty Block Violation: Code blocks should contain at least one statement or comment (no_empty_block)
Sources/SMCKit/SMCTypes.swift:114:19: error: No Empty Block Violation: Code blocks should contain at least one statement or comment (no_empty_block)
Sources/SMCKit/SMCTypes.swift:122:19: error: No Empty Block Violation: Code blocks should contain at least one statement or comment (no_empty_block)
Sources/SMCKit/SMCTypes.swift:139:17: error: No Empty Block Violation: Code blocks should contain at least one statement or comment (no_empty_block)
Sources/SMCKit/SMCTypes.swift:17:3: error: Sorted Enum Cases Violation: Enum cases should be sorted (sorted_enum_cases)
Sources/SMCKit/SMCTypes.swift:18:3: error: Sorted Enum Cases Violation: Enum cases should be sorted (sorted_enum_cases)
Sources/SMCKit/SMCTypes.swift:19:3: error: Sorted Enum Cases Violation: Enum cases should be sorted (sorted_enum_cases)
Sources/SMCKit/SMCTypes.swift:1:1: error: File Header Violation: Header comments should be consistent with project patterns (file_header)
Sources/SMCKit/SMCTypes.swift:1:1: error: File Name Violation: File name should match a type or extension declared in the file (if any) (file_name)
Sources/SMCKit/SMCTypes.swift:26:3: error: Sorted Enum Cases Violation: Enum cases should be sorted (sorted_enum_cases)
Sources/SMCKit/SMCTypes.swift:27:3: error: Sorted Enum Cases Violation: Enum cases should be sorted (sorted_enum_cases)
Sources/SMCKit/SMCTypes.swift:28:3: error: Sorted Enum Cases Violation: Enum cases should be sorted (sorted_enum_cases)
Sources/SMCKit/SMCTypes.swift:29:3: error: Sorted Enum Cases Violation: Enum cases should be sorted (sorted_enum_cases)
Sources/SMCKit/SMCTypes.swift:30:3: error: Sorted Enum Cases Violation: Enum cases should be sorted (sorted_enum_cases)
Sources/SMCKit/SMCTypes.swift:41:52: error: No Magic Numbers Violation: Magic numbers should be replaced by named constants (no_magic_numbers)
Sources/SMCKit/SMCTypes.swift:53:3: error: Sorted Enum Cases Violation: Enum cases should be sorted (sorted_enum_cases)
Sources/SMCKit/SMCTypes.swift:54:3: error: Sorted Enum Cases Violation: Enum cases should be sorted (sorted_enum_cases)
Sources/SMCKit/SMCTypes.swift:55:3: error: Sorted Enum Cases Violation: Enum cases should be sorted (sorted_enum_cases)
Sources/SMCKit/SMCTypes.swift:56:3: error: Sorted Enum Cases Violation: Enum cases should be sorted (sorted_enum_cases)
Sources/SMCKit/SMCTypes.swift:57:3: error: Sorted Enum Cases Violation: Enum cases should be sorted (sorted_enum_cases)
Sources/SMCKit/SMCTypes.swift:58:3: error: Sorted Enum Cases Violation: Enum cases should be sorted (sorted_enum_cases)
Sources/SMCKit/SMCTypes.swift:59:3: error: Sorted Enum Cases Violation: Enum cases should be sorted (sorted_enum_cases)
Sources/SMCKit/SMCTypes.swift:60:3: error: Sorted Enum Cases Violation: Enum cases should be sorted (sorted_enum_cases)
Sources/SMCKit/SMCTypes.swift:61:3: error: Sorted Enum Cases Violation: Enum cases should be sorted (sorted_enum_cases)
Sources/SMCKit/SMCTypes.swift:62:3: error: Sorted Enum Cases Violation: Enum cases should be sorted (sorted_enum_cases)
Sources/SMCKit/SMCTypes.swift:63:3: error: Sorted Enum Cases Violation: Enum cases should be sorted (sorted_enum_cases)
Sources/SMCKit/SMCTypes.swift:64:3: error: Sorted Enum Cases Violation: Enum cases should be sorted (sorted_enum_cases)
Sources/SMCKit/SMCTypes.swift:82:50: error: No Magic Numbers Violation: Magic numbers should be replaced by named constants (no_magic_numbers)
Sources/SMCKit/SMCTypes.swift:90:30: error: Large Tuple Violation: Tuples should have at most 2 members (large_tuple)
Sources/installer/Authorization.swift:14:1: error: Convenience Type Violation: Types used for hosting only static members should be implemented as a caseless enum to avoid instantiation (convenience_type)
Sources/installer/Authorization.swift:1:1: error: File Header Violation: Header comments should be consistent with project patterns (file_header)
Sources/installer/Authorization.swift:55:3: error: Sorted Enum Cases Violation: Enum cases should be sorted (sorted_enum_cases)
Sources/installer/Authorization.swift:56:3: error: Sorted Enum Cases Violation: Enum cases should be sorted (sorted_enum_cases)
Sources/installer/InstallerApp.swift:17:1: error: Convenience Type Violation: Types used for hosting only static members should be implemented as a caseless enum to avoid instantiation (convenience_type)
Sources/installer/InstallerApp.swift:18:12: error: Function Body Length Violation: Function body should span 60 lines or less excluding comments and whitespace: currently spans 69 lines (function_body_length)
Sources/installer/InstallerApp.swift:1:1: error: File Header Violation: Header comments should be consistent with project patterns (file_header)
Sources/installer/InstallerApp.swift:1:1: error: File Name Violation: File name should match a type or extension declared in the file (if any) (file_name)
Tests/AppLogTests/PrivacyEnforcementTests.swift:1:1: error: File Header Violation: Header comments should be consistent with project patterns (file_header)
Tests/AppLogTests/PrivacyEnforcementTests.swift:1:1: error: File Name Violation: File name should match a type or extension declared in the file (if any) (file_name)
Tests/IntegrationTests/HardwareExpectations.swift:1:1: error: File Header Violation: Header comments should be consistent with project patterns (file_header)
Tests/IntegrationTests/HardwareExpectations.swift:38:3: error: Sorted Enum Cases Violation: Enum cases should be sorted (sorted_enum_cases)
Tests/IntegrationTests/HardwareExpectations.swift:40:3: error: Sorted Enum Cases Violation: Enum cases should be sorted (sorted_enum_cases)
Tests/IntegrationTests/HardwareExpectations.swift:40:8: error: Raw Value for Camel Cased Codable Enum Violation: Camel cased cases of Codable String enums should have raw values (raw_value_for_camel_cased_codable_enum)
Tests/IntegrationTests/HardwareExpectations.swift:45:3: error: Sorted Enum Cases Violation: Enum cases should be sorted (sorted_enum_cases)
Tests/IntegrationTests/HardwareExpectations.swift:47:3: error: Sorted Enum Cases Violation: Enum cases should be sorted (sorted_enum_cases)
Tests/IntegrationTests/HardwareExpectations.swift:47:8: error: Raw Value for Camel Cased Codable Enum Violation: Camel cased cases of Codable String enums should have raw values (raw_value_for_camel_cased_codable_enum)
Tests/IntegrationTests/HardwareExpectations.swift:49:8: error: Raw Value for Camel Cased Codable Enum Violation: Camel cased cases of Codable String enums should have raw values (raw_value_for_camel_cased_codable_enum)
Tests/IntegrationTests/HardwareExpectations.swift:81:12: error: Optional Data -> String Conversion Violation: Prefer failable `String(bytes:encoding:)` initializer when converting `Data` to `String` (optional_data_string_conversion)
Tests/IntegrationTests/HardwareExpectations.swift:82:37: error: Trailing Closure Violation: Trailing closure syntax should be used whenever possible (trailing_closure)
Tests/IntegrationTests/IntegrationTests.swift:1006:9: error: Identifier Name Violation: Variable name 'i' should be between 2 and 40 characters long (identifier_name)
Tests/IntegrationTests/IntegrationTests.swift:1088:61: error: Unneeded Escaping Violation: @escaping attribute not required as 'completion' does not escape (unneeded_escaping)
Tests/IntegrationTests/IntegrationTests.swift:111:31: error: Unneeded (Re)Throws Keyword Violation: Superfluous 'throws'; body of this function does not throw any error (unneeded_throws_rethrows)
Tests/IntegrationTests/IntegrationTests.swift:1122:1: error: File Length Violation: File should contain 800 lines or less excluding comments and whitespaces: currently contains 869 (file_length)
Tests/IntegrationTests/IntegrationTests.swift:133:38: error: Unneeded (Re)Throws Keyword Violation: Superfluous 'throws'; body of this function does not throw any error (unneeded_throws_rethrows)
Tests/IntegrationTests/IntegrationTests.swift:156:31: error: Unneeded (Re)Throws Keyword Violation: Superfluous 'throws'; body of this function does not throw any error (unneeded_throws_rethrows)
Tests/IntegrationTests/IntegrationTests.swift:174:27: error: Unneeded (Re)Throws Keyword Violation: Superfluous 'throws'; body of this function does not throw any error (unneeded_throws_rethrows)
Tests/IntegrationTests/IntegrationTests.swift:18:7: error: Type Body Length Violation: Class body should span 500 lines or less excluding comments and whitespace: currently spans 864 lines (type_body_length)
Tests/IntegrationTests/IntegrationTests.swift:195:26: error: Unneeded (Re)Throws Keyword Violation: Superfluous 'throws'; body of this function does not throw any error (unneeded_throws_rethrows)
Tests/IntegrationTests/IntegrationTests.swift:1:1: error: File Header Violation: Header comments should be consistent with project patterns (file_header)
Tests/IntegrationTests/IntegrationTests.swift:20:19: error: Implicitly Unwrapped Optional Violation: Implicitly unwrapped optionals should be avoided when possible (implicitly_unwrapped_optional)
Tests/IntegrationTests/IntegrationTests.swift:214:24: error: Unneeded (Re)Throws Keyword Violation: Superfluous 'throws'; body of this function does not throw any error (unneeded_throws_rethrows)
Tests/IntegrationTests/IntegrationTests.swift:242:70: error: Unneeded (Re)Throws Keyword Violation: Superfluous 'throws'; body of this function does not throw any error (unneeded_throws_rethrows)
Tests/IntegrationTests/IntegrationTests.swift:274:31: error: No Empty Block Violation: Code blocks should contain at least one statement or comment (no_empty_block)
Tests/IntegrationTests/IntegrationTests.swift:279:27: error: No Empty Block Violation: Code blocks should contain at least one statement or comment (no_empty_block)
Tests/IntegrationTests/IntegrationTests.swift:285:25: error: Unneeded (Re)Throws Keyword Violation: Superfluous 'throws'; body of this function does not throw any error (unneeded_throws_rethrows)
Tests/IntegrationTests/IntegrationTests.swift:299:36: error: Unneeded (Re)Throws Keyword Violation: Superfluous 'throws'; body of this function does not throw any error (unneeded_throws_rethrows)
Tests/IntegrationTests/IntegrationTests.swift:338:61: error: Unneeded (Re)Throws Keyword Violation: Superfluous 'throws'; body of this function does not throw any error (unneeded_throws_rethrows)
Tests/IntegrationTests/IntegrationTests.swift:340:27: error: No Empty Block Violation: Code blocks should contain at least one statement or comment (no_empty_block)
Tests/IntegrationTests/IntegrationTests.swift:341:27: error: No Empty Block Violation: Code blocks should contain at least one statement or comment (no_empty_block)
Tests/IntegrationTests/IntegrationTests.swift:386:27: error: No Empty Block Violation: Code blocks should contain at least one statement or comment (no_empty_block)
Tests/IntegrationTests/IntegrationTests.swift:389:66: error: Unneeded (Re)Throws Keyword Violation: Superfluous 'throws'; body of this function does not throw any error (unneeded_throws_rethrows)
Tests/IntegrationTests/IntegrationTests.swift:432:27: error: No Empty Block Violation: Code blocks should contain at least one statement or comment (no_empty_block)
Tests/IntegrationTests/IntegrationTests.swift:433:27: error: No Empty Block Violation: Code blocks should contain at least one statement or comment (no_empty_block)
Tests/IntegrationTests/IntegrationTests.swift:436:50: error: Unneeded (Re)Throws Keyword Violation: Superfluous 'throws'; body of this function does not throw any error (unneeded_throws_rethrows)
Tests/IntegrationTests/IntegrationTests.swift:437:37: error: No Empty Block Violation: Code blocks should contain at least one statement or comment (no_empty_block)
Tests/IntegrationTests/IntegrationTests.swift:438:37: error: No Empty Block Violation: Code blocks should contain at least one statement or comment (no_empty_block)
Tests/IntegrationTests/IntegrationTests.swift:471:27: error: No Empty Block Violation: Code blocks should contain at least one statement or comment (no_empty_block)
Tests/IntegrationTests/IntegrationTests.swift:474:48: error: Unneeded (Re)Throws Keyword Violation: Superfluous 'throws'; body of this function does not throw any error (unneeded_throws_rethrows)
Tests/IntegrationTests/IntegrationTests.swift:475:37: error: No Empty Block Violation: Code blocks should contain at least one statement or comment (no_empty_block)
Tests/IntegrationTests/IntegrationTests.swift:495:16: error: Force Unwrapping Violation: Force unwrapping should be avoided (force_unwrapping)
Tests/IntegrationTests/IntegrationTests.swift:499:30: error: Force Unwrapping Violation: Force unwrapping should be avoided (force_unwrapping)
Tests/IntegrationTests/IntegrationTests.swift:501:45: error: Force Unwrapping Violation: Force unwrapping should be avoided (force_unwrapping)
Tests/IntegrationTests/IntegrationTests.swift:503:30: error: Force Unwrapping Violation: Force unwrapping should be avoided (force_unwrapping)
Tests/IntegrationTests/IntegrationTests.swift:503:64: error: Force Unwrapping Violation: Force unwrapping should be avoided (force_unwrapping)
Tests/IntegrationTests/IntegrationTests.swift:506:51: error: Force Unwrapping Violation: Force unwrapping should be avoided (force_unwrapping)
Tests/IntegrationTests/IntegrationTests.swift:509:30: error: Force Unwrapping Violation: Force unwrapping should be avoided (force_unwrapping)
Tests/IntegrationTests/IntegrationTests.swift:509:69: error: Force Unwrapping Violation: Force unwrapping should be avoided (force_unwrapping)
Tests/IntegrationTests/IntegrationTests.swift:518:36: error: Unneeded (Re)Throws Keyword Violation: Superfluous 'throws'; body of this function does not throw any error (unneeded_throws_rethrows)
Tests/IntegrationTests/IntegrationTests.swift:538:12: error: Multiline Function Chains Violation: Chained function calls should be either on the same line, or one per line (multiline_function_chains)
Tests/IntegrationTests/IntegrationTests.swift:549:27: error: No Empty Block Violation: Code blocks should contain at least one statement or comment (no_empty_block)
Tests/IntegrationTests/IntegrationTests.swift:550:27: error: No Empty Block Violation: Code blocks should contain at least one statement or comment (no_empty_block)
Tests/IntegrationTests/IntegrationTests.swift:554:35: error: Unneeded (Re)Throws Keyword Violation: Superfluous 'throws'; body of this function does not throw any error (unneeded_throws_rethrows)
Tests/IntegrationTests/IntegrationTests.swift:567:18: error: Force Unwrapping Violation: Force unwrapping should be avoided (force_unwrapping)
Tests/IntegrationTests/IntegrationTests.swift:571:32: error: Force Unwrapping Violation: Force unwrapping should be avoided (force_unwrapping)
Tests/IntegrationTests/IntegrationTests.swift:573:45: error: Force Unwrapping Violation: Force unwrapping should be avoided (force_unwrapping)
Tests/IntegrationTests/IntegrationTests.swift:575:32: error: Force Unwrapping Violation: Force unwrapping should be avoided (force_unwrapping)
Tests/IntegrationTests/IntegrationTests.swift:575:82: error: Force Unwrapping Violation: Force unwrapping should be avoided (force_unwrapping)
Tests/IntegrationTests/IntegrationTests.swift:580:12: error: Multiline Function Chains Violation: Chained function calls should be either on the same line, or one per line (multiline_function_chains)
Tests/IntegrationTests/IntegrationTests.swift:583:37: error: Force Unwrapping Violation: Force unwrapping should be avoided (force_unwrapping)
Tests/IntegrationTests/IntegrationTests.swift:583:58: error: Force Unwrapping Violation: Force unwrapping should be avoided (force_unwrapping)
Tests/IntegrationTests/IntegrationTests.swift:584:34: error: Force Unwrapping Violation: Force unwrapping should be avoided (force_unwrapping)
Tests/IntegrationTests/IntegrationTests.swift:592:27: error: No Empty Block Violation: Code blocks should contain at least one statement or comment (no_empty_block)
Tests/IntegrationTests/IntegrationTests.swift:593:27: error: No Empty Block Violation: Code blocks should contain at least one statement or comment (no_empty_block)
Tests/IntegrationTests/IntegrationTests.swift:597:50: error: Unneeded (Re)Throws Keyword Violation: Superfluous 'throws'; body of this function does not throw any error (unneeded_throws_rethrows)
Tests/IntegrationTests/IntegrationTests.swift:614:12: error: Multiline Function Chains Violation: Chained function calls should be either on the same line, or one per line (multiline_function_chains)
Tests/IntegrationTests/IntegrationTests.swift:617:31: error: Force Unwrapping Violation: Force unwrapping should be avoided (force_unwrapping)
Tests/IntegrationTests/IntegrationTests.swift:618:34: error: Force Unwrapping Violation: Force unwrapping should be avoided (force_unwrapping)
Tests/IntegrationTests/IntegrationTests.swift:627:27: error: No Empty Block Violation: Code blocks should contain at least one statement or comment (no_empty_block)
Tests/IntegrationTests/IntegrationTests.swift:628:27: error: No Empty Block Violation: Code blocks should contain at least one statement or comment (no_empty_block)
Tests/IntegrationTests/IntegrationTests.swift:637:27: error: No Empty Block Violation: Code blocks should contain at least one statement or comment (no_empty_block)
Tests/IntegrationTests/IntegrationTests.swift:638:27: error: No Empty Block Violation: Code blocks should contain at least one statement or comment (no_empty_block)
Tests/IntegrationTests/IntegrationTests.swift:647:10: error: Multiline Function Chains Violation: Chained function calls should be either on the same line, or one per line (multiline_function_chains)
Tests/IntegrationTests/IntegrationTests.swift:670:12: error: Multiline Function Chains Violation: Chained function calls should be either on the same line, or one per line (multiline_function_chains)
Tests/IntegrationTests/IntegrationTests.swift:684:27: error: No Empty Block Violation: Code blocks should contain at least one statement or comment (no_empty_block)
Tests/IntegrationTests/IntegrationTests.swift:685:27: error: No Empty Block Violation: Code blocks should contain at least one statement or comment (no_empty_block)
Tests/IntegrationTests/IntegrationTests.swift:693:38: error: Unneeded (Re)Throws Keyword Violation: Superfluous 'throws'; body of this function does not throw any error (unneeded_throws_rethrows)
Tests/IntegrationTests/IntegrationTests.swift:695:27: error: No Empty Block Violation: Code blocks should contain at least one statement or comment (no_empty_block)
Tests/IntegrationTests/IntegrationTests.swift:696:27: error: No Empty Block Violation: Code blocks should contain at least one statement or comment (no_empty_block)
Tests/IntegrationTests/IntegrationTests.swift:71:32: error: Unneeded (Re)Throws Keyword Violation: Superfluous 'throws'; body of this function does not throw any error (unneeded_throws_rethrows)
Tests/IntegrationTests/IntegrationTests.swift:726:27: error: No Empty Block Violation: Code blocks should contain at least one statement or comment (no_empty_block)
Tests/IntegrationTests/IntegrationTests.swift:729:40: error: Unneeded (Re)Throws Keyword Violation: Superfluous 'throws'; body of this function does not throw any error (unneeded_throws_rethrows)
Tests/IntegrationTests/IntegrationTests.swift:731:27: error: No Empty Block Violation: Code blocks should contain at least one statement or comment (no_empty_block)
Tests/IntegrationTests/IntegrationTests.swift:732:27: error: No Empty Block Violation: Code blocks should contain at least one statement or comment (no_empty_block)
Tests/IntegrationTests/IntegrationTests.swift:774:27: error: No Empty Block Violation: Code blocks should contain at least one statement or comment (no_empty_block)
Tests/IntegrationTests/IntegrationTests.swift:775:27: error: No Empty Block Violation: Code blocks should contain at least one statement or comment (no_empty_block)
Tests/IntegrationTests/IntegrationTests.swift:778:37: error: Unneeded (Re)Throws Keyword Violation: Superfluous 'throws'; body of this function does not throw any error (unneeded_throws_rethrows)
Tests/IntegrationTests/IntegrationTests.swift:779:37: error: No Empty Block Violation: Code blocks should contain at least one statement or comment (no_empty_block)
Tests/IntegrationTests/IntegrationTests.swift:780:37: error: No Empty Block Violation: Code blocks should contain at least one statement or comment (no_empty_block)
Tests/IntegrationTests/IntegrationTests.swift:813:27: error: No Empty Block Violation: Code blocks should contain at least one statement or comment (no_empty_block)
Tests/IntegrationTests/IntegrationTests.swift:816:44: error: Unneeded (Re)Throws Keyword Violation: Superfluous 'throws'; body of this function does not throw any error (unneeded_throws_rethrows)
Tests/IntegrationTests/IntegrationTests.swift:817:37: error: No Empty Block Violation: Code blocks should contain at least one statement or comment (no_empty_block)
Tests/IntegrationTests/IntegrationTests.swift:844:45: error: Unneeded (Re)Throws Keyword Violation: Superfluous 'throws'; body of this function does not throw any error (unneeded_throws_rethrows)
Tests/IntegrationTests/IntegrationTests.swift:845:37: error: No Empty Block Violation: Code blocks should contain at least one statement or comment (no_empty_block)
Tests/IntegrationTests/IntegrationTests.swift:878:27: error: No Empty Block Violation: Code blocks should contain at least one statement or comment (no_empty_block)
Tests/IntegrationTests/IntegrationTests.swift:879:27: error: No Empty Block Violation: Code blocks should contain at least one statement or comment (no_empty_block)
Tests/IntegrationTests/IntegrationTests.swift:924:21: error: Prefer Condition List Violation: Prefer a condition list over chaining conditions with '&&' (prefer_condition_list)
Tests/IntegrationTests/IntegrationTests.swift:940:30: error: Unneeded (Re)Throws Keyword Violation: Superfluous 'throws'; body of this function does not throw any error (unneeded_throws_rethrows)
Tests/IntegrationTests/IntegrationTests.swift:961:35: error: Prefer Condition List Violation: Prefer a condition list over chaining conditions with '&&' (prefer_condition_list)
Tests/SMCFanKitTests/FanArbitratorTests.swift:111:9: error: Identifier Name Violation: Variable name 'a' should be between 2 and 40 characters long (identifier_name)
Tests/SMCFanKitTests/FanArbitratorTests.swift:120:9: error: Identifier Name Violation: Variable name 'a' should be between 2 and 40 characters long (identifier_name)
Tests/SMCFanKitTests/FanArbitratorTests.swift:136:9: error: Identifier Name Violation: Variable name 'a' should be between 2 and 40 characters long (identifier_name)
Tests/SMCFanKitTests/FanArbitratorTests.swift:1:1: error: File Header Violation: Header comments should be consistent with project patterns (file_header)
Tests/SMCFanKitTests/FanArbitratorTests.swift:26:9: error: Identifier Name Violation: Variable name 'a' should be between 2 and 40 characters long (identifier_name)
Tests/SMCFanKitTests/FanArbitratorTests.swift:36:9: error: Identifier Name Violation: Variable name 'a' should be between 2 and 40 characters long (identifier_name)
Tests/SMCFanKitTests/FanArbitratorTests.swift:50:9: error: Identifier Name Violation: Variable name 'a' should be between 2 and 40 characters long (identifier_name)
Tests/SMCFanKitTests/FanArbitratorTests.swift:59:26: error: Pattern Matching Keywords Violation: Combine multiple pattern bindings by moving binding keywords out of associated values (pattern_matching_keywords)
Tests/SMCFanKitTests/FanArbitratorTests.swift:59:36: error: Pattern Matching Keywords Violation: Combine multiple pattern bindings by moving binding keywords out of associated values (pattern_matching_keywords)
Tests/SMCFanKitTests/FanArbitratorTests.swift:69:9: error: Identifier Name Violation: Variable name 'a' should be between 2 and 40 characters long (identifier_name)
Tests/SMCFanKitTests/FanArbitratorTests.swift:83:9: error: Identifier Name Violation: Variable name 'a' should be between 2 and 40 characters long (identifier_name)
Tests/SMCFanKitTests/FanArbitratorTests.swift:94:9: error: Identifier Name Violation: Variable name 'a' should be between 2 and 40 characters long (identifier_name)
Tests/SMCFanKitTests/SMCFanKitTests.swift:1:1: error: File Header Violation: Header comments should be consistent with project patterns (file_header)
Tests/SMCFanXPCClientTests/ErrorTypesTests.swift:1:1: error: File Header Violation: Header comments should be consistent with project patterns (file_header)
Tests/SMCFanXPCClientTests/ResumeGuardTests.swift:1:1: error: File Header Violation: Header comments should be consistent with project patterns (file_header)
Tests/SMCFanXPCClientTests/ResumeGuardTests.swift:55:3: error: Variable Declaration Whitespace Violation: Variable declarations should be separated from other statements by a blank line (let_var_whitespace)
Tests/SMCFanXPCClientTests/ResumeGuardTests.swift:60:3: error: Variable Declaration Whitespace Violation: Variable declarations should be separated from other statements by a blank line (let_var_whitespace)
Tests/SMCFanXPCClientTests/ResumeGuardTests.swift:62:9: error: Identifier Name Violation: Variable name 'v' should be between 2 and 40 characters long (identifier_name)
Tests/SMCKitTests/SMCKitTests.swift:1:1: error: File Header Violation: Header comments should be consistent with project patterns (file_header)
Tests/SMCKitTests/SMCKitTests.swift:1:1: error: File Name Violation: File name should match a type or extension declared in the file (if any) (file_name)
Tests/SMCKitTests/SMCKitTests.swift:32:11: error: Identifier Name Violation: Variable name 'i' should be between 2 and 40 characters long (identifier_name)
